<?xml version="1.0" encoding="UTF-8"?>
<!-- Generated by org.testng.reporters.JUnitXMLReporter -->
<testsuite ignored="0" hostname="LAPTOP-5SL2JFF8" failures="0" tests="3" name="Surefire test" time="7.133" errors="0" timestamp="2023-09-18T19:06:31 CEST">
  <testcase classname="LoginAlertTest" name="loginWithRightCredentialsTest" time="0.206"/>
  <testcase classname="LoginAlertTest" name="loginWithWrongCredentialsTest" time="0.201"/>
  <testcase classname="PelckmansTest" name="menuItemsTest" time="1.315"/>
</testsuite> <!-- Surefire test -->
