<?xml version="1.0" encoding="UTF-8"?>
<testng-results ignored="0" total="2" passed="2" failed="0" skipped="0">
  <reporter-output>
  </reporter-output>
  <suite started-at="2023-09-18T18:57:40 CEST" name="Surefire suite" finished-at="2023-09-18T18:57:44 CEST" duration-ms="4488">
    <groups>
    </groups>
    <test started-at="2023-09-18T18:57:40 CEST" name="Surefire test" finished-at="2023-09-18T18:57:44 CEST" duration-ms="4488">
      <class name="LoginAlertTest">
        <test-method is-config="true" signature="setUp()[pri:0, instance:LoginAlertTest@3901d134]" started-at="2023-09-18T18:57:40 CEST" name="setUp" finished-at="2023-09-18T18:57:42 CEST" duration-ms="2376" status="PASS">
          <reporter-output>
          </reporter-output>
        </test-method> <!-- setUp -->
        <test-method signature="loginWithRightCredentialsTest()[pri:0, instance:LoginAlertTest@3901d134]" started-at="2023-09-18T18:57:42 CEST" name="loginWithRightCredentialsTest" finished-at="2023-09-18T18:57:42 CEST" duration-ms="221" status="PASS">
          <reporter-output>
          </reporter-output>
        </test-method> <!-- loginWithRightCredentialsTest -->
        <test-method is-config="true" signature="tearDown()[pri:0, instance:LoginAlertTest@3901d134]" started-at="2023-09-18T18:57:42 CEST" name="tearDown" finished-at="2023-09-18T18:57:43 CEST" duration-ms="135" status="PASS">
          <reporter-output>
          </reporter-output>
        </test-method> <!-- tearDown -->
        <test-method is-config="true" signature="setUp()[pri:0, instance:LoginAlertTest@3901d134]" started-at="2023-09-18T18:57:43 CEST" name="setUp" finished-at="2023-09-18T18:57:44 CEST" duration-ms="1415" status="PASS">
          <reporter-output>
          </reporter-output>
        </test-method> <!-- setUp -->
        <test-method signature="loginWithWrongCredentialsTest()[pri:0, instance:LoginAlertTest@3901d134]" started-at="2023-09-18T18:57:44 CEST" name="loginWithWrongCredentialsTest" finished-at="2023-09-18T18:57:44 CEST" duration-ms="202" status="PASS">
          <reporter-output>
          </reporter-output>
        </test-method> <!-- loginWithWrongCredentialsTest -->
        <test-method is-config="true" signature="tearDown()[pri:0, instance:LoginAlertTest@3901d134]" started-at="2023-09-18T18:57:44 CEST" name="tearDown" finished-at="2023-09-18T18:57:44 CEST" duration-ms="113" status="PASS">
          <reporter-output>
          </reporter-output>
        </test-method> <!-- tearDown -->
      </class> <!-- LoginAlertTest -->
    </test> <!-- Surefire test -->
  </suite> <!-- Surefire suite -->
</testng-results>
